#
# There is insufficient memory for the Java Runtime Environment to continue.
# Native memory allocation (mmap) failed to map 134217728 bytes for Failed to commit area from 0x0000000081a00000 to 0x0000000089a00000 of length 134217728.
# Possible reasons:
#   The system is out of physical RAM or swap space
#   The process is running with CompressedOops enabled, and the Java Heap may be blocking the growth of the native heap
# Possible solutions:
#   Reduce memory load on the system
#   Increase physical memory or swap space
#   Check if swap backing store is full
#   Decrease Java heap size (-Xmx/-Xms)
#   Decrease number of Java threads
#   Decrease Java thread stack sizes (-Xss)
#   Set larger code cache with -XX:ReservedCodeCacheSize=
# This output file may be truncated or incomplete.
#
#  Out of Memory Error (t:/workspace/open/src/hotspot/os/windows/os_windows.cpp:3254), pid=15620, tid=8432
#
# JRE version:  (12.0.1+12) (build )
# Java VM: Java HotSpot(TM) 64-Bit Server VM (12.0.1+12, mixed mode, aot, sharing, tiered, compressed oops, g1 gc, windows-amd64)
# No core dump will be written. Minidumps are not enabled by default on client versions of Windows
#

---------------  S U M M A R Y ------------

Command Line: --module-path=C:\Users\Adrian\.m2\repository\antlr\antlr\2.7.7\antlr-2.7.7.jar;C:\Users\Adrian\.m2\repository\com\fasterxml\classmate\1.5.1\classmate-1.5.1.jar;C:\Users\Adrian\.m2\repository\com\google\protobuf\protobuf-java\3.6.1\protobuf-java-3.6.1.jar;C:\Users\Adrian\.m2\repository\com\sun\istack\istack-commons-runtime\3.0.7\istack-commons-runtime-3.0.7.jar;C:\Users\Adrian\.m2\repository\com\sun\xml\fastinfoset\FastInfoset\1.2.15\FastInfoset-1.2.15.jar;C:\Users\Adrian\.m2\repository\javax\activation\javax.activation-api\1.2.0\javax.activation-api-1.2.0.jar;C:\Users\Adrian\.m2\repository\javax\persistence\javax.persistence-api\2.2\javax.persistence-api-2.2.jar;C:\Users\Adrian\.m2\repository\javax\xml\bind\jaxb-api\2.3.1\jaxb-api-2.3.1.jar;C:\Users\Adrian\.m2\repository\mysql\mysql-connector-java\8.0.19\mysql-connector-java-8.0.19.jar;C:\Users\Adrian\.m2\repository\net\bytebuddy\byte-buddy\1.10.2\byte-buddy-1.10.2.jar;C:\Users\Adrian\.m2\repository\org\dom4j\dom4j\2.1.1\dom4j-2.1.1.jar;C:\Users\Adrian\.m2\repository\org\glassfish\jaxb\jaxb-runtime\2.3.1\jaxb-runtime-2.3.1.jar;C:\Users\Adrian\.m2\repository\org\glassfish\jaxb\txw2\2.3.1\txw2-2.3.1.jar;C:\Users\Adrian\.m2\repository\org\hibernate\hibernate-core\5.4.10.Final\hibernate-core-5.4.10.Final.jar;C:\Users\Adrian\.m2\repository\org\hibernate\common\hibernate-commons-annotations\5.1.0.Final\hibernate-commons-annotations-5.1.0.Final.jar;C:\Users\Adrian\.m2\repository\org\javassist\javassist\3.24.0-GA\javassist-3.24.0-GA.jar;C:\Users\Adrian\.m2\repository\org\jboss\jandex\2.1.1.Final\jandex-2.1.1.Final.jar;C:\Users\Adrian\.m2\repository\org\jboss\logging\jboss-logging\3.3.2.Final\jboss-logging-3.3.2.Final.jar;C:\Users\Adrian\.m2\repository\org\jboss\spec\javax\transaction\jboss-transaction-api_1.2_spec\1.1.1.Final\jboss-transaction-api_1.2_spec-1.1.1.Final.jar;C:\Users\Adrian\.m2\repository\org\jvnet\staxex\stax-ex\1.8\stax-ex-1.8.jar;C:\Users\Adrian\.m2\repository\org\openjfx\javafx-base\12\javafx-base-12-win.--add-modules=antlr,com.fasterxml.classmate,protobuf.java,com.sun.istack.runtime,com.sun.xml.fastinfoset,java.activation,java.persistence,java.xml.bind,mysql.connector.java,net.bytebuddy,dom4j,com.sun.xml.bind,com.sun.xml.txw2,org.hibernate.orm.core,org.hibernate.commons.annotations,javassist,jandex,org.jboss.logging,java.transaction,org.jvnet.staxex,javafx.base,javafx.controls,javafx.fxml,javafx.graphics Main

Host: Intel(R) Core(TM) i5-8250U CPU @ 1.60GHz, 8 cores, 7G,  Windows 10 , 64 bit Build 18362 (10.0.18362.329)
Time: Wed Feb  5 01:58:30 2020 Mitteleuropäische Zeit elapsed time: 0 seconds (0d 0h 0m 0s)

---------------  T H R E A D  ---------------

Current thread (0x0000015d255a1000):  JavaThread "Unknown thread" [_thread_in_vm, id=8432, stack(0x0000003230600000,0x0000003230700000)]

Stack: [0x0000003230600000,0x0000003230700000]
Native frames: (J=compiled Java code, j=interpreted, Vv=VM code, C=native code)
V  [jvm.dll+0x63948a]
V  [jvm.dll+0x78b31f]
V  [jvm.dll+0x78c9c1]
V  [jvm.dll+0x78d013]
V  [jvm.dll+0x262138]
V  [jvm.dll+0x63698a]
V  [jvm.dll+0x62b505]
V  [jvm.dll+0x31d9bc]
V  [jvm.dll+0x31d7ef]
V  [jvm.dll+0x323526]
V  [jvm.dll+0x370f76]
V  [jvm.dll+0x370750]
V  [jvm.dll+0x2f786a]
V  [jvm.dll+0x2f8af2]
V  [jvm.dll+0x7657b7]
V  [jvm.dll+0x766e95]
V  [jvm.dll+0x37f089]
V  [jvm.dll+0x749b14]
V  [jvm.dll+0x3ee48d]
V  [jvm.dll+0x3f03c1]
C  [jli.dll+0x51cf]
C  [ucrtbase.dll+0x20e72]
C  [KERNEL32.DLL+0x17bd4]
C  [ntdll.dll+0x6ced1]


---------------  P R O C E S S  ---------------

Threads class SMR info:
_java_thread_list=0x00007ffd5bc948e8, length=0, elements={
}

Java Threads: ( => current thread )

Other Threads:
  0x0000015d255df800 GCTaskThread "GC Thread#0" [stack: 0x0000003230700000,0x0000003230800000] [id=15148]
  0x0000015d2562b800 ConcurrentGCThread "G1 Main Marker" [stack: 0x0000003230800000,0x0000003230900000] [id=12852]
  0x0000015d2562d000 ConcurrentGCThread "G1 Conc#0" [stack: 0x0000003230900000,0x0000003230a00000] [id=4576]

[error occurred during error reporting (printing all threads), id 0xc0000005, EXCEPTION_ACCESS_VIOLATION (0xc0000005) at pc=0x00007ffd5b4c7a37]

VM state:not at safepoint (not fully initialized)

VM Mutex/Monitor currently owned by a thread:  ([mutex/lock_event])
[0x0000015d2559c550] Heap_lock - owner thread: 0x0000015d255a1000

Heap address: 0x0000000081a00000, size: 2022 MB, Compressed Oops mode: Non-zero based: 0x0000000081a00000
Narrow klass base: 0x0000000000000000, Narrow klass shift: 0

GC Heap History (0 events):
No events

Deoptimization events (0 events):
No events

Classes redefined (0 events):
No events

Internal exceptions (0 events):
No events

Events (0 events):
No events


Dynamic libraries:
0x00007ff639ee0000 - 0x00007ff639eef000 	C:\Program Files\Java\jdk-12.0.1\bin\java.exe
0x00007ffda5580000 - 0x00007ffda5770000 	C:\WINDOWS\SYSTEM32\ntdll.dll
0x00007ffda46e0000 - 0x00007ffda4792000 	C:\WINDOWS\System32\KERNEL32.DLL
0x00007ffda2f90000 - 0x00007ffda3233000 	C:\WINDOWS\System32\KERNELBASE.dll
0x00007ffda3240000 - 0x00007ffda333a000 	C:\WINDOWS\System32\ucrtbase.dll
0x00007ffd7d9a0000 - 0x00007ffd7d9b8000 	C:\Program Files\Java\jdk-12.0.1\bin\jli.dll
0x00007ffd7fc10000 - 0x00007ffd7fc26000 	C:\Program Files\Java\jdk-12.0.1\bin\VCRUNTIME140.dll
0x00007ffda3ac0000 - 0x00007ffda3b63000 	C:\WINDOWS\System32\ADVAPI32.dll
0x00007ffda5030000 - 0x00007ffda50ce000 	C:\WINDOWS\System32\msvcrt.dll
0x00007ffda38d0000 - 0x00007ffda3967000 	C:\WINDOWS\System32\sechost.dll
0x00007ffda3630000 - 0x00007ffda3750000 	C:\WINDOWS\System32\RPCRT4.dll
0x00007ffda4c70000 - 0x00007ffda4e04000 	C:\WINDOWS\System32\USER32.dll
0x00007ffda2f60000 - 0x00007ffda2f81000 	C:\WINDOWS\System32\win32u.dll
0x00007ffd8c9b0000 - 0x00007ffd8cc35000 	C:\WINDOWS\WinSxS\amd64_microsoft.windows.common-controls_6595b64144ccf1df_6.0.18362.592_none_e6c0b1911312be02\COMCTL32.dll
0x00007ffda38a0000 - 0x00007ffda38c6000 	C:\WINDOWS\System32\GDI32.dll
0x00007ffda4260000 - 0x00007ffda4596000 	C:\WINDOWS\System32\combase.dll
0x00007ffda2cc0000 - 0x00007ffda2e54000 	C:\WINDOWS\System32\gdi32full.dll
0x00007ffda2e60000 - 0x00007ffda2efe000 	C:\WINDOWS\System32\msvcp_win.dll
0x00007ffda3460000 - 0x00007ffda34e0000 	C:\WINDOWS\System32\bcryptPrimitives.dll
0x00007ffd97a60000 - 0x00007ffd97a6a000 	C:\WINDOWS\SYSTEM32\VERSION.dll
0x00007ffda3a90000 - 0x00007ffda3abe000 	C:\WINDOWS\System32\IMM32.DLL
0x00007ffd688c0000 - 0x00007ffd6896a000 	C:\Program Files\Java\jdk-12.0.1\bin\msvcp140.dll
0x00007ffd5b1c0000 - 0x00007ffd5bd34000 	C:\Program Files\Java\jdk-12.0.1\bin\server\jvm.dll
0x00007ffda46d0000 - 0x00007ffda46d8000 	C:\WINDOWS\System32\PSAPI.DLL
0x00007ffd990e0000 - 0x00007ffd99104000 	C:\WINDOWS\SYSTEM32\WINMM.dll
0x00007ffd89b30000 - 0x00007ffd89b39000 	C:\WINDOWS\SYSTEM32\WSOCK32.dll
0x00007ffda4e10000 - 0x00007ffda4e7f000 	C:\WINDOWS\System32\WS2_32.dll
0x00007ffd990b0000 - 0x00007ffd990dd000 	C:\WINDOWS\SYSTEM32\WINMMBASE.dll
0x00007ffda3340000 - 0x00007ffda338a000 	C:\WINDOWS\System32\cfgmgr32.dll
0x00007ffda2460000 - 0x00007ffda2471000 	C:\WINDOWS\System32\kernel.appcore.dll
0x00007ffd7c750000 - 0x00007ffd7c761000 	C:\Program Files\Java\jdk-12.0.1\bin\verify.dll
0x00007ffda0d50000 - 0x00007ffda0f44000 	C:\WINDOWS\SYSTEM32\DBGHELP.DLL
0x00007ffd853f0000 - 0x00007ffd8541a000 	C:\WINDOWS\SYSTEM32\dbgcore.DLL
0x00007ffd700c0000 - 0x00007ffd700e6000 	C:\Program Files\Java\jdk-12.0.1\bin\java.dll
0x00007ffd6e1c0000 - 0x00007ffd6e1d7000 	C:\Program Files\Java\jdk-12.0.1\bin\zip.dll
0x00007ffd89820000 - 0x00007ffd8982a000 	C:\Program Files\Java\jdk-12.0.1\bin\jimage.dll

dbghelp: loaded successfully - version: 4.0.5 - missing functions: none
symbol engine: initialized successfully - sym options: 0x614 - pdb path: .;C:\Program Files\Java\jdk-12.0.1\bin;C:\WINDOWS\SYSTEM32;C:\WINDOWS\WinSxS\amd64_microsoft.windows.common-controls_6595b64144ccf1df_6.0.18362.592_none_e6c0b1911312be02;C:\Program Files\Java\jdk-12.0.1\bin\server

VM Arguments:
jvm_args: --module-path=C:\Users\Adrian\.m2\repository\antlr\antlr\2.7.7\antlr-2.7.7.jar;C:\Users\Adrian\.m2\repository\com\fasterxml\classmate\1.5.1\classmate-1.5.1.jar;C:\Users\Adrian\.m2\repository\com\google\protobuf\protobuf-java\3.6.1\protobuf-java-3.6.1.jar;C:\Users\Adrian\.m2\repository\com\sun\istack\istack-commons-runtime\3.0.7\istack-commons-runtime-3.0.7.jar;C:\Users\Adrian\.m2\repository\com\sun\xml\fastinfoset\FastInfoset\1.2.15\FastInfoset-1.2.15.jar;C:\Users\Adrian\.m2\repository\javax\activation\javax.activation-api\1.2.0\javax.activation-api-1.2.0.jar;C:\Users\Adrian\.m2\repository\javax\persistence\javax.persistence-api\2.2\javax.persistence-api-2.2.jar;C:\Users\Adrian\.m2\repository\javax\xml\bind\jaxb-api\2.3.1\jaxb-api-2.3.1.jar;C:\Users\Adrian\.m2\repository\mysql\mysql-connector-java\8.0.19\mysql-connector-java-8.0.19.jar;C:\Users\Adrian\.m2\repository\net\bytebuddy\byte-buddy\1.10.2\byte-buddy-1.10.2.jar;C:\Users\Adrian\.m2\repository\org\dom4j\dom4j\2.1.1\dom4j-2.1.1.jar;C:\Users\Adrian\.m2\repository\org\glassfish\jaxb\jaxb-runtime\2.3.1\jaxb-runtime-2.3.1.jar;C:\Users\Adrian\.m2\repository\org\glassfish\jaxb\txw2\2.3.1\txw2-2.3.1.jar;C:\Users\Adrian\.m2\repository\org\hibernate\hibernate-core\5.4.10.Final\hibernate-core-5.4.10.Final.jar;C:\Users\Adrian\.m2\repository\org\hibernate\common\hibernate-commons-annotations\5.1.0.Final\hibernate-commons-annotations-5.1.0.Final.jar;C:\Users\Adrian\.m2\repository\org\javassist\javassist\3.24.0-GA\javassist-3.24.0-GA.jar;C:\Users\Adrian\.m2\repository\org\jboss\jandex\2.1.1.Final\jandex-2.1.1.Final.jar;C:\Users\Adrian\.m2\repository\org\jboss\logging\jboss-logging\3.3.2.Final\jboss-logging-3.3.2.Final.jar;C:\Users\Adrian\.m2\repository\org\jboss\spec\javax\transaction\jboss-transaction-api_1.2_spec\1.1.1.Final\jboss-transaction-api_1.2_spec-1.1.1.Final.jar;C:\Users\Adrian\.m2\repository\org\jvnet\staxex\stax-ex\1.8\stax-ex-1.8.jar;C:\Users\Adrian\.m2\repository\org\openjfx\javafx-base\12\javafx-base-12-win.--add-modules=antlr,com.fasterxml.classmate,protobuf.java,com.sun.istack.runtime,com.sun.xml.fastinfoset,java.activation,java.persistence,java.xml.bind,mysql.connector.java,net.bytebuddy,dom4j,com.sun.xml.bind,com.sun.xml.txw2,org.hibernate.orm.core,org.hibernate.commons.annotations,javassist,jandex,org.jboss.logging,java.transaction,org.jvnet.staxex,javafx.base,javafx.controls,javafx.fxml,javafx.graphics 
java_command: Main
java_class_path (initial): C:\Users\Adrian\Desktop\HTL_POS_JAVA_Übungen\addressFXGui\target\classes
Launcher Type: SUN_STANDARD

[Global flags]
     intx CICompilerCount                          = 4                                         {product} {ergonomic}
     uint ConcGCThreads                            = 2                                         {product} {ergonomic}
     uint G1ConcRefinementThreads                  = 8                                         {product} {ergonomic}
   size_t G1HeapRegionSize                         = 1048576                                   {product} {ergonomic}
    uintx GCDrainStackTargetSize                   = 64                                        {product} {ergonomic}
   size_t InitialHeapSize                          = 134217728                                 {product} {ergonomic}
   size_t MarkStackSize                            = 4194304                                   {product} {ergonomic}
   size_t MaxHeapSize                              = 2120220672                                {product} {ergonomic}
   size_t MinHeapDeltaBytes                        = 1048576                                   {product} {ergonomic}
    uintx NonNMethodCodeHeapSize                   = 5836300                                {pd product} {ergonomic}
    uintx NonProfiledCodeHeapSize                  = 122910970                              {pd product} {ergonomic}
    uintx ProfiledCodeHeapSize                     = 122910970                              {pd product} {ergonomic}
    uintx ReservedCodeCacheSize                    = 251658240                              {pd product} {ergonomic}
     bool SegmentedCodeCache                       = true                                      {product} {ergonomic}
     bool UseCompressedClassPointers               = true                                 {lp64_product} {ergonomic}
     bool UseCompressedOops                        = true                                 {lp64_product} {ergonomic}
     bool UseG1GC                                  = true                                      {product} {ergonomic}
     bool UseLargePagesIndividualAllocation        = false                                  {pd product} {ergonomic}

Logging:
Log output configuration:
 #0: stdout all=warning uptime,level,tags
 #1: stderr all=off uptime,level,tags

Environment Variables:
PATH=C:\Program Files (x86)\Intel\iCLS Client\;C:\Program Files\Intel\iCLS Client\;C:\windows\system32;C:\windows;C:\windows\System32\Wbem;C:\windows\System32\WindowsPowerShell\v1.0\;C:\Program Files (x86)\NVIDIA Corporation\PhysX\Common;C:\Program Files (x86)\Intel\Intel(R) Management Engine Components\DAL;C:\Program Files\Intel\Intel(R) Management Engine Components\DAL;C:\Program Files (x86)\Intel\Intel(R) Management Engine Components\IPT;C:\Program Files\Intel\Intel(R) Management Engine Components\IPT;C:\WINDOWS\system32;C:\WINDOWS;C:\WINDOWS\System32\Wbem;C:\WINDOWS\System32\WindowsPowerShell\v1.0\;C:\WINDOWS\System32\OpenSSH\;C:\Program Files\nodejs\;C:\Program Files\Git\cmd;C:\Program Files\Intel\WiFi\bin\;C:\Program Files\Common Files\Intel\WirelessCommon\;C:\Users\Adrian\AppData\Local\Microsoft\WindowsApps;C:\Users\Adrian\AppData\Local\Programs\Microsoft VS Code\bin;C:\Users\Adrian\AppData\Roaming\npm;C:\php;C:\Users\Adrian\sqllite\sqlite-tools-win32-x86-3290000;
USERNAME=Adrian
OS=Windows_NT
PROCESSOR_IDENTIFIER=Intel64 Family 6 Model 142 Stepping 10, GenuineIntel



---------------  S Y S T E M  ---------------

OS: Windows 10 , 64 bit Build 18362 (10.0.18362.329)

CPU:total 8 (initial active 8) (4 cores per cpu, 2 threads per core) family 6 model 142 stepping 10, cmov, cx8, fxsr, mmx, sse, sse2, sse3, ssse3, sse4.1, sse4.2, popcnt, avx, avx2, aes, clmul, erms, 3dnowpref, lzcnt, ht, tsc, tscinvbit, bmi1, bmi2, adx, fma

Memory: 4k page, system-wide physical 8087M (647M free)
TotalPageFile size 12183M (AvailPageFile size 18M)
current process WorkingSet (physical memory assigned to process): 10M, peak: 10M
current process commit charge ("private bytes"): 60M, peak: 188M

vm_info: Java HotSpot(TM) 64-Bit Server VM (12.0.1+12) for windows-amd64 JRE (12.0.1+12), built on Apr  2 2019 14:02:19 by "mach5one" with MS VC++ 15.5 (VS2017)

END.
